<?xml version="1.0" encoding="UTF-8"?>
<testsuite xmlns:xsi="http://www.w3.org/2001/XMLSchema-instance" xsi:noNamespaceSchemaLocation="https://maven.apache.org/surefire/maven-surefire-plugin/xsd/surefire-test-report-3.0.xsd" version="3.0" name="JunitTestRunner.TestRunner" time="0.739" tests="17" errors="0" skipped="0" failures="0">
  <properties>
[...]
</properties>
  <testcase name="Facebook homepage is displayed" classname="Entering Username and Pwd #2" time="0.005">
    <system-out><![CDATA[Facebook homepage displayed
]]></system-out>
  </testcase>
  <testcase name="login in the application with &quot;user&quot; and &quot;pwd&quot; and click login button" classname="Entering Username and Pwd #2" time="0.002">
    <system-out><![CDATA["user"
"pwd"
]]></system-out>
  </testcase>
  <testcase name="home page is populated" classname="Entering Username and Pwd #2" time="0.002">
    <system-out><![CDATA[home page displayed
]]></system-out>
  </testcase>
  <testcase name="validate sharan and 12" classname="Entering Username and Pwd #2" time="0.001">
    <system-out><![CDATA[sharan
12
]]></system-out>
  </testcase>
  <testcase name="" classname="Entering Username and Pwd #2" time="0.002"/>
  <testcase name="Facebook homepage is displayed" classname="Entering Username and Pwd #3" time="0.001">
    <system-out><![CDATA[Facebook homepage displayed
]]></system-out>
  </testcase>
  <testcase name="login in the application with &quot;user&quot; and &quot;pwd&quot; and click login button" classname="Entering Username and Pwd #3" time="0.004">
    <system-out><![CDATA["user"
"pwd"
]]></system-out>
  </testcase>
  <testcase name="home page is populated" classname="Entering Username and Pwd #3" time="0.001">
    <system-out><![CDATA[home page displayed
]]></system-out>
  </testcase>
  <testcase name="validate dhina and 12" classname="Entering Username and Pwd #3" time="0.001">
    <system-out><![CDATA[dhina
12
]]></system-out>
  </testcase>
  <testcase name="" classname="Entering Username and Pwd #3" time="0.001"/>
  <testcase name="Facebook homepage is displayed" classname="Entering Username and Pwd #4" time="0.002">
    <system-out><![CDATA[Facebook homepage displayed
]]></system-out>
  </testcase>
  <testcase name="login in the application with &quot;user&quot; and &quot;pwd&quot; and click login button" classname="Entering Username and Pwd #4" time="0.002">
    <system-out><![CDATA["user"
"pwd"
]]></system-out>
  </testcase>
  <testcase name="home page is populated" classname="Entering Username and Pwd #4" time="0.001">
    <system-out><![CDATA[home page displayed
]]></system-out>
  </testcase>
  <testcase name="validate jaashvi and 15" classname="Entering Username and Pwd #4" time="0.001">
    <system-out><![CDATA[jaashvi
15
]]></system-out>
  </testcase>
  <testcase name="" classname="Entering Username and Pwd #4" time="0.001"/>
  <testcase name="checking pipepline datattables" classname="Pipeline checking" time="0.001">
    <system-out><![CDATA[hello
]]></system-out>
  </testcase>
  <testcase name="" classname="Pipeline checking" time="0.001"/>
</testsuite>